<?xml version="1.0" encoding="UTF-8"?>
<testsuite name="com.example.final_project.FinalProjectApplicationTests" tests="1" skipped="0" failures="0" errors="0" timestamp="2023-10-16T09:04:36" hostname="DESKTOP-4AR35JL" time="0.25">
  <properties/>
  <testcase name="contextLoads()" classname="com.example.final_project.FinalProjectApplicationTests" time="0.25"/>
  <system-out><![CDATA[18:04:24.560 [Test worker] DEBUG org.springframework.test.context.BootstrapUtils - Instantiating CacheAwareContextLoaderDelegate from class [org.springframework.test.context.cache.DefaultCacheAwareContextLoaderDelegate]
18:04:24.577 [Test worker] DEBUG org.springframework.test.context.BootstrapUtils - Instantiating BootstrapContext using constructor [public org.springframework.test.context.support.DefaultBootstrapContext(java.lang.Class,org.springframework.test.context.CacheAwareContextLoaderDelegate)]
18:04:24.619 [Test worker] DEBUG org.springframework.test.context.BootstrapUtils - Instantiating TestContextBootstrapper for test class [com.example.final_project.FinalProjectApplicationTests] from class [org.springframework.boot.test.context.SpringBootTestContextBootstrapper]
18:04:24.632 [Test worker] INFO org.springframework.boot.test.context.SpringBootTestContextBootstrapper - Neither @ContextConfiguration nor @ContextHierarchy found for test class [com.example.final_project.FinalProjectApplicationTests], using SpringBootContextLoader
18:04:24.636 [Test worker] DEBUG org.springframework.test.context.support.AbstractContextLoader - Did not detect default resource location for test class [com.example.final_project.FinalProjectApplicationTests]: class path resource [com/example/final_project/FinalProjectApplicationTests-context.xml] does not exist
18:04:24.637 [Test worker] DEBUG org.springframework.test.context.support.AbstractContextLoader - Did not detect default resource location for test class [com.example.final_project.FinalProjectApplicationTests]: class path resource [com/example/final_project/FinalProjectApplicationTestsContext.groovy] does not exist
18:04:24.637 [Test worker] INFO org.springframework.test.context.support.AbstractContextLoader - Could not detect default resource locations for test class [com.example.final_project.FinalProjectApplicationTests]: no resource found for suffixes {-context.xml, Context.groovy}.
18:04:24.637 [Test worker] INFO org.springframework.test.context.support.AnnotationConfigContextLoaderUtils - Could not detect default configuration classes for test class [com.example.final_project.FinalProjectApplicationTests]: FinalProjectApplicationTests does not declare any static, non-private, non-final, nested classes annotated with @Configuration.
18:04:24.696 [Test worker] DEBUG org.springframework.test.context.support.ActiveProfilesUtils - Could not find an 'annotation declaring class' for annotation type [org.springframework.test.context.ActiveProfiles] and class [com.example.final_project.FinalProjectApplicationTests]
18:04:24.790 [Test worker] DEBUG org.springframework.context.annotation.ClassPathScanningCandidateComponentProvider - Identified candidate component class: file [C:\Users\KOSTA\git\20230904_KOSTA_final-project\build\classes\java\main\com\example\final_project\FinalProjectApplication.class]
18:04:24.798 [Test worker] INFO org.springframework.boot.test.context.SpringBootTestContextBootstrapper - Found @SpringBootConfiguration com.example.final_project.FinalProjectApplication for test class com.example.final_project.FinalProjectApplicationTests
18:04:24.907 [Test worker] DEBUG org.springframework.boot.test.context.SpringBootTestContextBootstrapper - @TestExecutionListeners is not present for class [com.example.final_project.FinalProjectApplicationTests]: using defaults.
18:04:24.908 [Test worker] INFO org.springframework.boot.test.context.SpringBootTestContextBootstrapper - Loaded default TestExecutionListener class names from location [META-INF/spring.factories]: [org.springframework.boot.test.autoconfigure.restdocs.RestDocsTestExecutionListener, org.springframework.boot.test.autoconfigure.web.client.MockRestServiceServerResetTestExecutionListener, org.springframework.boot.test.autoconfigure.web.servlet.MockMvcPrintOnlyOnFailureTestExecutionListener, org.springframework.boot.test.autoconfigure.web.servlet.WebDriverTestExecutionListener, org.springframework.boot.test.autoconfigure.webservices.client.MockWebServiceServerTestExecutionListener, org.springframework.boot.test.mock.mockito.MockitoTestExecutionListener, org.springframework.boot.test.mock.mockito.ResetMocksTestExecutionListener, org.springframework.test.context.web.ServletTestExecutionListener, org.springframework.test.context.support.DirtiesContextBeforeModesTestExecutionListener, org.springframework.test.context.event.ApplicationEventsTestExecutionListener, org.springframework.test.context.support.DependencyInjectionTestExecutionListener, org.springframework.test.context.support.DirtiesContextTestExecutionListener, org.springframework.test.context.transaction.TransactionalTestExecutionListener, org.springframework.test.context.jdbc.SqlScriptsTestExecutionListener, org.springframework.test.context.event.EventPublishingTestExecutionListener]
18:04:24.927 [Test worker] INFO org.springframework.boot.test.context.SpringBootTestContextBootstrapper - Using TestExecutionListeners: [org.springframework.test.context.web.ServletTestExecutionListener@27a5328c, org.springframework.test.context.support.DirtiesContextBeforeModesTestExecutionListener@1e5f4170, org.springframework.test.context.event.ApplicationEventsTestExecutionListener@6c345c5f, org.springframework.boot.test.mock.mockito.MockitoTestExecutionListener@6b5966e1, org.springframework.boot.test.autoconfigure.SpringBootDependencyInjectionTestExecutionListener@65e61854, org.springframework.test.context.support.DirtiesContextTestExecutionListener@1568159, org.springframework.test.context.transaction.TransactionalTestExecutionListener@4fcee388, org.springframework.test.context.jdbc.SqlScriptsTestExecutionListener@6f80fafe, org.springframework.test.context.event.EventPublishingTestExecutionListener@3af17be2, org.springframework.boot.test.autoconfigure.restdocs.RestDocsTestExecutionListener@f9879ac, org.springframework.boot.test.autoconfigure.web.client.MockRestServiceServerResetTestExecutionListener@37f21974, org.springframework.boot.test.autoconfigure.web.servlet.MockMvcPrintOnlyOnFailureTestExecutionListener@5f4d427e, org.springframework.boot.test.autoconfigure.web.servlet.WebDriverTestExecutionListener@6e521c1e, org.springframework.boot.test.autoconfigure.webservices.client.MockWebServiceServerTestExecutionListener@224b4d61, org.springframework.boot.test.mock.mockito.ResetMocksTestExecutionListener@5d5d9e5]
18:04:24.931 [Test worker] DEBUG org.springframework.test.context.support.AbstractDirtiesContextTestExecutionListener - Before test class: context [DefaultTestContext@3954d008 testClass = FinalProjectApplicationTests, testInstance = [null], testMethod = [null], testException = [null], mergedContextConfiguration = [WebMergedContextConfiguration@2f94c4db testClass = FinalProjectApplicationTests, locations = '{}', classes = '{class com.example.final_project.FinalProjectApplication}', contextInitializerClasses = '[]', activeProfiles = '{}', propertySourceLocations = '{}', propertySourceProperties = '{org.springframework.boot.test.context.SpringBootTestContextBootstrapper=true}', contextCustomizers = set[org.springframework.boot.test.autoconfigure.actuate.metrics.MetricsExportContextCustomizerFactory$DisableMetricExportContextCustomizer@17aad511, org.springframework.boot.test.autoconfigure.properties.PropertyMappingContextCustomizer@0, org.springframework.boot.test.autoconfigure.web.servlet.WebDriverContextCustomizerFactory$Customizer@4879dfad, org.springframework.boot.test.context.filter.ExcludeFilterContextCustomizer@2da59753, org.springframework.boot.test.json.DuplicateJsonObjectContextCustomizerFactory$DuplicateJsonObjectContextCustomizer@2826f61, org.springframework.boot.test.mock.mockito.MockitoContextCustomizer@0, org.springframework.boot.test.web.client.TestRestTemplateContextCustomizer@1852a3ff, org.springframework.boot.test.context.SpringBootTestArgs@1, org.springframework.boot.test.context.SpringBootTestWebEnvironment@2ea41516], resourceBasePath = 'src/main/webapp', contextLoader = 'org.springframework.boot.test.context.SpringBootContextLoader', parent = [null]], attributes = map['org.springframework.test.context.web.ServletTestExecutionListener.activateListener' -> true]], class annotated with @DirtiesContext [false] with mode [null].

  .   ____          _            __ _ _
 /\\ / ___'_ __ _ _(_)_ __  __ _ \ \ \ \
( ( )\___ | '_ | '_| | '_ \/ _` | \ \ \ \
 \\/  ___)| |_)| | | | | || (_| |  ) ) ) )
  '  |____| .__|_| |_|_| |_\__, | / / / /
 =========|_|==============|___/=/_/_/_/
 :: Spring Boot ::                (v2.7.5)

2023-10-16 18:04:25.379  INFO 7112 --- [    Test worker] c.e.f.FinalProjectApplicationTests       : Starting FinalProjectApplicationTests using Java 17.0.2 on DESKTOP-4AR35JL with PID 7112 (started by KOSTA in C:\Users\KOSTA\git\20230904_KOSTA_final-project)
2023-10-16 18:04:25.381  INFO 7112 --- [    Test worker] c.e.f.FinalProjectApplicationTests       : The following 2 profiles are active: "oracle", "common"
2023-10-16 18:04:26.434  INFO 7112 --- [    Test worker] .s.d.r.c.RepositoryConfigurationDelegate : Bootstrapping Spring Data JPA repositories in DEFAULT mode.
2023-10-16 18:04:26.679  INFO 7112 --- [    Test worker] .s.d.r.c.RepositoryConfigurationDelegate : Finished Spring Data repository scanning in 236 ms. Found 13 JPA repository interfaces.
2023-10-16 18:04:27.577  INFO 7112 --- [    Test worker] o.hibernate.jpa.internal.util.LogHelper  : HHH000204: Processing PersistenceUnitInfo [name: default]
2023-10-16 18:04:27.643  INFO 7112 --- [    Test worker] org.hibernate.Version                    : HHH000412: Hibernate ORM core version 5.6.12.Final
2023-10-16 18:04:27.863  INFO 7112 --- [    Test worker] o.hibernate.annotations.common.Version   : HCANN000001: Hibernate Commons Annotations {5.1.2.Final}
2023-10-16 18:04:28.004  INFO 7112 --- [    Test worker] com.zaxxer.hikari.HikariDataSource       : HikariPool-1 - Starting...
2023-10-16 18:04:28.310  INFO 7112 --- [    Test worker] com.zaxxer.hikari.HikariDataSource       : HikariPool-1 - Start completed.
2023-10-16 18:04:28.329  INFO 7112 --- [    Test worker] org.hibernate.dialect.Dialect            : HHH000400: Using dialect: org.hibernate.dialect.Oracle12cDialect
2023-10-16 18:04:28.704  WARN 7112 --- [    Test worker] o.h.b.i.InFlightMetadataCollectorImpl    : HHH000069: Duplicate generator name num_sequence
2023-10-16 18:04:28.729  WARN 7112 --- [    Test worker] org.hibernate.orm.deprecation            : HHH90000014: Found use of deprecated [org.hibernate.id.SequenceHiLoGenerator] sequence-based id generator; use org.hibernate.id.enhanced.SequenceStyleGenerator instead.  See Hibernate Domain Model Mapping Guide for details.
2023-10-16 18:04:28.731  WARN 7112 --- [    Test worker] org.hibernate.orm.deprecation            : HHH90000014: Found use of deprecated [org.hibernate.id.SequenceHiLoGenerator] sequence-based id generator; use org.hibernate.id.enhanced.SequenceStyleGenerator instead.  See Hibernate Domain Model Mapping Guide for details.
2023-10-16 18:04:28.731  WARN 7112 --- [    Test worker] org.hibernate.orm.deprecation            : HHH90000014: Found use of deprecated [org.hibernate.id.SequenceHiLoGenerator] sequence-based id generator; use org.hibernate.id.enhanced.SequenceStyleGenerator instead.  See Hibernate Domain Model Mapping Guide for details.
2023-10-16 18:04:28.732  WARN 7112 --- [    Test worker] org.hibernate.orm.deprecation            : HHH90000014: Found use of deprecated [org.hibernate.id.SequenceHiLoGenerator] sequence-based id generator; use org.hibernate.id.enhanced.SequenceStyleGenerator instead.  See Hibernate Domain Model Mapping Guide for details.
2023-10-16 18:04:28.732  WARN 7112 --- [    Test worker] org.hibernate.orm.deprecation            : HHH90000014: Found use of deprecated [org.hibernate.id.SequenceHiLoGenerator] sequence-based id generator; use org.hibernate.id.enhanced.SequenceStyleGenerator instead.  See Hibernate Domain Model Mapping Guide for details.
2023-10-16 18:04:28.732  WARN 7112 --- [    Test worker] org.hibernate.orm.deprecation            : HHH90000014: Found use of deprecated [org.hibernate.id.SequenceHiLoGenerator] sequence-based id generator; use org.hibernate.id.enhanced.SequenceStyleGenerator instead.  See Hibernate Domain Model Mapping Guide for details.
2023-10-16 18:04:28.732  WARN 7112 --- [    Test worker] org.hibernate.orm.deprecation            : HHH90000014: Found use of deprecated [org.hibernate.id.SequenceHiLoGenerator] sequence-based id generator; use org.hibernate.id.enhanced.SequenceStyleGenerator instead.  See Hibernate Domain Model Mapping Guide for details.
2023-10-16 18:04:28.732  WARN 7112 --- [    Test worker] org.hibernate.orm.deprecation            : HHH90000014: Found use of deprecated [org.hibernate.id.SequenceHiLoGenerator] sequence-based id generator; use org.hibernate.id.enhanced.SequenceStyleGenerator instead.  See Hibernate Domain Model Mapping Guide for details.
2023-10-16 18:04:28.749  WARN 7112 --- [    Test worker] org.hibernate.orm.deprecation            : HHH90000014: Found use of deprecated [org.hibernate.id.SequenceHiLoGenerator] sequence-based id generator; use org.hibernate.id.enhanced.SequenceStyleGenerator instead.  See Hibernate Domain Model Mapping Guide for details.
2023-10-16 18:04:28.750  WARN 7112 --- [    Test worker] org.hibernate.orm.deprecation            : HHH90000014: Found use of deprecated [org.hibernate.id.SequenceHiLoGenerator] sequence-based id generator; use org.hibernate.id.enhanced.SequenceStyleGenerator instead.  See Hibernate Domain Model Mapping Guide for details.
2023-10-16 18:04:28.750  WARN 7112 --- [    Test worker] org.hibernate.orm.deprecation            : HHH90000014: Found use of deprecated [org.hibernate.id.SequenceHiLoGenerator] sequence-based id generator; use org.hibernate.id.enhanced.SequenceStyleGenerator instead.  See Hibernate Domain Model Mapping Guide for details.
2023-10-16 18:04:28.750  WARN 7112 --- [    Test worker] org.hibernate.orm.deprecation            : HHH90000014: Found use of deprecated [org.hibernate.id.SequenceHiLoGenerator] sequence-based id generator; use org.hibernate.id.enhanced.SequenceStyleGenerator instead.  See Hibernate Domain Model Mapping Guide for details.
2023-10-16 18:04:30.231  INFO 7112 --- [    Test worker] o.h.e.t.j.p.i.JtaPlatformInitiator       : HHH000490: Using JtaPlatform implementation: [org.hibernate.engine.transaction.jta.platform.internal.NoJtaPlatform]
2023-10-16 18:04:30.241  INFO 7112 --- [    Test worker] j.LocalContainerEntityManagerFactoryBean : Initialized JPA EntityManagerFactory for persistence unit 'default'
2023-10-16 18:04:31.588  WARN 7112 --- [    Test worker] JpaBaseConfiguration$JpaWebConfiguration : spring.jpa.open-in-view is enabled by default. Therefore, database queries may be performed during view rendering. Explicitly configure spring.jpa.open-in-view to disable this warning
2023-10-16 18:04:32.949  WARN 7112 --- [    Test worker] o.s.s.c.a.web.builders.WebSecurity       : You are asking Spring Security to ignore Ant [pattern='/css/**']. This is not recommended -- please use permitAll via HttpSecurity#authorizeHttpRequests instead.
2023-10-16 18:04:32.950  INFO 7112 --- [    Test worker] o.s.s.web.DefaultSecurityFilterChain     : Will not secure Ant [pattern='/css/**']
2023-10-16 18:04:32.951  WARN 7112 --- [    Test worker] o.s.s.c.a.web.builders.WebSecurity       : You are asking Spring Security to ignore Ant [pattern='/js/**']. This is not recommended -- please use permitAll via HttpSecurity#authorizeHttpRequests instead.
2023-10-16 18:04:32.951  INFO 7112 --- [    Test worker] o.s.s.web.DefaultSecurityFilterChain     : Will not secure Ant [pattern='/js/**']
2023-10-16 18:04:32.951  WARN 7112 --- [    Test worker] o.s.s.c.a.web.builders.WebSecurity       : You are asking Spring Security to ignore Ant [pattern='/images/**']. This is not recommended -- please use permitAll via HttpSecurity#authorizeHttpRequests instead.
2023-10-16 18:04:32.951  INFO 7112 --- [    Test worker] o.s.s.web.DefaultSecurityFilterChain     : Will not secure Ant [pattern='/images/**']
2023-10-16 18:04:32.951  WARN 7112 --- [    Test worker] o.s.s.c.a.web.builders.WebSecurity       : You are asking Spring Security to ignore Ant [pattern='/favicon.ico/**']. This is not recommended -- please use permitAll via HttpSecurity#authorizeHttpRequests instead.
2023-10-16 18:04:32.951  INFO 7112 --- [    Test worker] o.s.s.web.DefaultSecurityFilterChain     : Will not secure Ant [pattern='/favicon.ico/**']
2023-10-16 18:04:32.952  WARN 7112 --- [    Test worker] o.s.s.c.a.web.builders.WebSecurity       : You are asking Spring Security to ignore Ant [pattern='/icon/**']. This is not recommended -- please use permitAll via HttpSecurity#authorizeHttpRequests instead.
2023-10-16 18:04:32.952  INFO 7112 --- [    Test worker] o.s.s.web.DefaultSecurityFilterChain     : Will not secure Ant [pattern='/icon/**']
2023-10-16 18:04:34.791  INFO 7112 --- [    Test worker] o.s.s.web.DefaultSecurityFilterChain     : Will secure any request with [org.springframework.security.web.session.DisableEncodeUrlFilter@2a64e2d0, org.springframework.security.web.context.request.async.WebAsyncManagerIntegrationFilter@651e3cc9, org.springframework.security.web.context.SecurityContextPersistenceFilter@7bb6a1f4, org.springframework.security.web.header.HeaderWriterFilter@c9518ee, org.springframework.web.filter.CorsFilter@45dce9f7, org.springframework.security.web.authentication.logout.LogoutFilter@33544cc5, org.springframework.security.oauth2.client.web.OAuth2AuthorizationRequestRedirectFilter@2a7ed9bd, org.springframework.security.oauth2.client.web.OAuth2LoginAuthenticationFilter@80f3111, com.example.final_project.common.jwt.JwtAuthenticationFilter@51f412e6, org.springframework.security.web.savedrequest.RequestCacheAwareFilter@6bca3b27, org.springframework.security.web.servletapi.SecurityContextHolderAwareRequestFilter@4b391e45, org.springframework.security.web.authentication.AnonymousAuthenticationFilter@9da20f1, org.springframework.security.web.session.SessionManagementFilter@1c1ee02b, org.springframework.security.web.access.ExceptionTranslationFilter@204b1903, org.springframework.security.web.access.intercept.FilterSecurityInterceptor@3d577add]
2023-10-16 18:04:36.008  INFO 7112 --- [    Test worker] c.e.f.FinalProjectApplicationTests       : Started FinalProjectApplicationTests in 11.033 seconds (JVM running for 12.412)
]]></system-out>
  <system-err><![CDATA[]]></system-err>
</testsuite>
